                                      1 ;--------------------------------------------------------
                                      2 ; File Created by SDCC : free open source ANSI-C Compiler
                                      3 ; Version 3.4.0 #8981 (Jul 12 2014) (Linux)
                                      4 ; This file was generated Mon Jan 19 14:54:25 2015
                                      5 ;--------------------------------------------------------
                                      6 	.module usbDescriptor
                                      7 	.optsdcc -mmcs51 --model-large
                                      8 	
                                      9 ;--------------------------------------------------------
                                     10 ; Public variables in this module
                                     11 ;--------------------------------------------------------
                                     12 	.globl _usbStringDescriptor2
                                     13 	.globl _usbStringDescriptor1
                                     14 	.globl _usbStringDescriptor0
                                     15 	.globl _usbConfigurationDescriptor
                                     16 	.globl _usbDeviceDescriptor
                                     17 ;--------------------------------------------------------
                                     18 ; special function registers
                                     19 ;--------------------------------------------------------
                                     20 	.area RSEG    (ABS,DATA)
      000000                         21 	.org 0x0000
                                     22 ;--------------------------------------------------------
                                     23 ; special function bits
                                     24 ;--------------------------------------------------------
                                     25 	.area RSEG    (ABS,DATA)
      000000                         26 	.org 0x0000
                                     27 ;--------------------------------------------------------
                                     28 ; overlayable register banks
                                     29 ;--------------------------------------------------------
                                     30 	.area REG_BANK_0	(REL,OVR,DATA)
      000000                         31 	.ds 8
                                     32 ;--------------------------------------------------------
                                     33 ; internal ram data
                                     34 ;--------------------------------------------------------
                                     35 	.area DSEG    (DATA)
                                     36 ;--------------------------------------------------------
                                     37 ; overlayable items in internal ram 
                                     38 ;--------------------------------------------------------
                                     39 ;--------------------------------------------------------
                                     40 ; indirectly addressable internal ram data
                                     41 ;--------------------------------------------------------
                                     42 	.area ISEG    (DATA)
                                     43 ;--------------------------------------------------------
                                     44 ; absolute internal ram data
                                     45 ;--------------------------------------------------------
                                     46 	.area IABS    (ABS,DATA)
                                     47 	.area IABS    (ABS,DATA)
                                     48 ;--------------------------------------------------------
                                     49 ; bit data
                                     50 ;--------------------------------------------------------
                                     51 	.area BSEG    (BIT)
                                     52 ;--------------------------------------------------------
                                     53 ; paged external ram data
                                     54 ;--------------------------------------------------------
                                     55 	.area PSEG    (PAG,XDATA)
                                     56 ;--------------------------------------------------------
                                     57 ; external ram data
                                     58 ;--------------------------------------------------------
                                     59 	.area XSEG    (XDATA)
                                     60 ;--------------------------------------------------------
                                     61 ; absolute external ram data
                                     62 ;--------------------------------------------------------
                                     63 	.area XABS    (ABS,XDATA)
                                     64 ;--------------------------------------------------------
                                     65 ; external initialized ram data
                                     66 ;--------------------------------------------------------
                                     67 	.area XISEG   (XDATA)
                                     68 	.area HOME    (CODE)
                                     69 	.area GSINIT0 (CODE)
                                     70 	.area GSINIT1 (CODE)
                                     71 	.area GSINIT2 (CODE)
                                     72 	.area GSINIT3 (CODE)
                                     73 	.area GSINIT4 (CODE)
                                     74 	.area GSINIT5 (CODE)
                                     75 	.area GSINIT  (CODE)
                                     76 	.area GSFINAL (CODE)
                                     77 	.area CSEG    (CODE)
                                     78 ;--------------------------------------------------------
                                     79 ; global & static initialisations
                                     80 ;--------------------------------------------------------
                                     81 	.area HOME    (CODE)
                                     82 	.area GSINIT  (CODE)
                                     83 	.area GSFINAL (CODE)
                                     84 	.area GSINIT  (CODE)
                                     85 ;--------------------------------------------------------
                                     86 ; Home
                                     87 ;--------------------------------------------------------
                                     88 	.area HOME    (CODE)
                                     89 	.area HOME    (CODE)
                                     90 ;--------------------------------------------------------
                                     91 ; code
                                     92 ;--------------------------------------------------------
                                     93 	.area CSEG    (CODE)
                                     94 	.area CSEG    (CODE)
                                     95 	.area CONST   (CODE)
      000000                         96 _usbDeviceDescriptor:
      000000 12                      97 	.db #0x12	;  18
      000001 01                      98 	.db #0x01	;  1
      000002 00                      99 	.db #0x00	;  0
      000003 02                     100 	.db #0x02	;  2
      000004 00                     101 	.db #0x00	;  0
      000005 00                     102 	.db #0x00	;  0
      000006 00                     103 	.db #0x00	;  0
      000007 40                     104 	.db #0x40	;  64
      000008 15                     105 	.db #0x15	;  21
      000009 19                     106 	.db #0x19	;  25
      00000A 77                     107 	.db #0x77	;  119	'w'
      00000B 77                     108 	.db #0x77	;  119	'w'
      00000C 53                     109 	.db #0x53	;  83	'S'
      00000D 99                     110 	.db #0x99	; -103
      00000E 01                     111 	.db #0x01	;  1
      00000F 02                     112 	.db #0x02	;  2
      000010 1D                     113 	.db #0x1D	;  29
      000011 01                     114 	.db #0x01	;  1
      000012                        115 _usbConfigurationDescriptor:
      000012 09                     116 	.db #0x09	;  9
      000013 02                     117 	.db #0x02	;  2
      000014 20                     118 	.db #0x20	;  32
      000015 00                     119 	.db #0x00	;  0
      000016 01                     120 	.db #0x01	;  1
      000017 01                     121 	.db #0x01	;  1
      000018 00                     122 	.db #0x00	;  0
      000019 80                     123 	.db #0x80	; -128
      00001A 32                     124 	.db #0x32	;  50	'2'
      00001B 09                     125 	.db #0x09	;  9
      00001C 04                     126 	.db #0x04	;  4
      00001D 00                     127 	.db #0x00	;  0
      00001E 00                     128 	.db #0x00	;  0
      00001F 02                     129 	.db #0x02	;  2
      000020 FF                     130 	.db #0xFF	; -1
      000021 FF                     131 	.db #0xFF	; -1
      000022 00                     132 	.db #0x00	;  0
      000023 00                     133 	.db #0x00	;  0
      000024 07                     134 	.db #0x07	;  7
      000025 05                     135 	.db #0x05	;  5
      000026 81                     136 	.db #0x81	; -127
      000027 02                     137 	.db #0x02	;  2
      000028 40                     138 	.db #0x40	;  64
      000029 00                     139 	.db #0x00	;  0
      00002A 06                     140 	.db #0x06	;  6
      00002B 07                     141 	.db #0x07	;  7
      00002C 05                     142 	.db #0x05	;  5
      00002D 01                     143 	.db #0x01	;  1
      00002E 02                     144 	.db #0x02	;  2
      00002F 40                     145 	.db #0x40	;  64
      000030 00                     146 	.db #0x00	;  0
      000031 06                     147 	.db #0x06	;  6
      000032 00                     148 	.db 0x00
      000033 00                     149 	.db 0x00
      000034 00                     150 	.db 0x00
      000035 00                     151 	.db 0x00
      000036 00                     152 	.db 0x00
      000037 00                     153 	.db 0x00
      000038 00                     154 	.db 0x00
      000039 00                     155 	.db 0x00
      00003A 00                     156 	.db 0x00
      00003B 00                     157 	.db 0x00
      00003C 00                     158 	.db 0x00
      00003D 00                     159 	.db 0x00
      00003E 00                     160 	.db 0x00
      00003F 00                     161 	.db 0x00
      000040 00                     162 	.db 0x00
      000041 00                     163 	.db 0x00
      000042 00                     164 	.db 0x00
      000043 00                     165 	.db 0x00
      000044 00                     166 	.db 0x00
      000045 00                     167 	.db 0x00
      000046 00                     168 	.db 0x00
      000047 00                     169 	.db 0x00
      000048 00                     170 	.db 0x00
      000049 00                     171 	.db 0x00
      00004A 00                     172 	.db 0x00
      00004B                        173 _usbStringDescriptor0:
      00004B 04                     174 	.db #0x04	;  4
      00004C 03                     175 	.db #0x03	;  3
      00004D 09                     176 	.db #0x09	;  9
      00004E 04                     177 	.db #0x04	;  4
      00004F                        178 _usbStringDescriptor1:
      00004F 12                     179 	.db #0x12	;  18
      000050 03                     180 	.db #0x03	;  3
      000051 42                     181 	.db #0x42	;  66	'B'
      000052 00                     182 	.db #0x00	;  0
      000053 69                     183 	.db #0x69	;  105	'i'
      000054 00                     184 	.db #0x00	;  0
      000055 74                     185 	.db #0x74	;  116	't'
      000056 00                     186 	.db #0x00	;  0
      000057 63                     187 	.db #0x63	;  99	'c'
      000058 00                     188 	.db #0x00	;  0
      000059 72                     189 	.db #0x72	;  114	'r'
      00005A 00                     190 	.db #0x00	;  0
      00005B 61                     191 	.db #0x61	;  97	'a'
      00005C 00                     192 	.db #0x00	;  0
      00005D 7A                     193 	.db #0x7A	;  122	'z'
      00005E 00                     194 	.db #0x00	;  0
      00005F 65                     195 	.db #0x65	;  101	'e'
      000060 00                     196 	.db #0x00	;  0
      000061                        197 _usbStringDescriptor2:
      000061 2C                     198 	.db #0x2C	;  44
      000062 03                     199 	.db #0x03	;  3
      000063 43                     200 	.db #0x43	;  67	'C'
      000064 00                     201 	.db #0x00	;  0
      000065 72                     202 	.db #0x72	;  114	'r'
      000066 00                     203 	.db #0x00	;  0
      000067 61                     204 	.db #0x61	;  97	'a'
      000068 00                     205 	.db #0x00	;  0
      000069 7A                     206 	.db #0x7A	;  122	'z'
      00006A 00                     207 	.db #0x00	;  0
      00006B 79                     208 	.db #0x79	;  121	'y'
      00006C 00                     209 	.db #0x00	;  0
      00006D 72                     210 	.db #0x72	;  114	'r'
      00006E 00                     211 	.db #0x00	;  0
      00006F 61                     212 	.db #0x61	;  97	'a'
      000070 00                     213 	.db #0x00	;  0
      000071 64                     214 	.db #0x64	;  100	'd'
      000072 00                     215 	.db #0x00	;  0
      000073 69                     216 	.db #0x69	;  105	'i'
      000074 00                     217 	.db #0x00	;  0
      000075 6F                     218 	.db #0x6F	;  111	'o'
      000076 00                     219 	.db #0x00	;  0
      000077 20                     220 	.db #0x20	;  32
      000078 00                     221 	.db #0x00	;  0
      000079 55                     222 	.db #0x55	;  85	'U'
      00007A 00                     223 	.db #0x00	;  0
      00007B 53                     224 	.db #0x53	;  83	'S'
      00007C 00                     225 	.db #0x00	;  0
      00007D 42                     226 	.db #0x42	;  66	'B'
      00007E 00                     227 	.db #0x00	;  0
      00007F 20                     228 	.db #0x20	;  32
      000080 00                     229 	.db #0x00	;  0
      000081 44                     230 	.db #0x44	;  68	'D'
      000082 00                     231 	.db #0x00	;  0
      000083 6F                     232 	.db #0x6F	;  111	'o'
      000084 00                     233 	.db #0x00	;  0
      000085 6E                     234 	.db #0x6E	;  110	'n'
      000086 00                     235 	.db #0x00	;  0
      000087 67                     236 	.db #0x67	;  103	'g'
      000088 00                     237 	.db #0x00	;  0
      000089 6C                     238 	.db #0x6C	;  108	'l'
      00008A 00                     239 	.db #0x00	;  0
      00008B 65                     240 	.db #0x65	;  101	'e'
      00008C 00                     241 	.db #0x00	;  0
                                    242 	.area XINIT   (CODE)
                                    243 	.area CABS    (ABS,CODE)
